<?xml version="1.0" encoding="utf-8"?><testsuite errors="0" failures="0" name="pytest" skips="0" tests="102" time="27.631"><testcase classname="tests.activity_worker.test_activity" file="tests/activity_worker/test_activity.py" line="35" name="test_tasks_are_executed" time="0.02969503402709961"></testcase><testcase classname="tests.activity_worker.test_activity" file="tests/activity_worker/test_activity.py" line="44" name="test_token_is_set_to_none_when_task_is_done" time="0.01775979995727539"></testcase><testcase classname="tests.activity_worker.test_activity" file="tests/activity_worker/test_activity.py" line="49" name="test_sigterm_is_handled_correctly" time="0.017688751220703125"></testcase><testcase classname="tests.activity_worker.test_activity" file="tests/activity_worker/test_activity.py" line="61" name="test_heartbeats_are_sent" time="0.07306504249572754"></testcase><testcase classname="tests.activity_worker.test_activity" file="tests/activity_worker/test_activity.py" line="68" name="test_send_failure_when_error_during_heart_beats_sending" time="0.028807640075683594"></testcase><testcase classname="tests.activity_worker.test_activity" file="tests/activity_worker/test_activity.py" line="81" name="test_activity_worker_is_terminated_when_sf_timed_out" time="0.024140119552612305"></testcase><testcase classname="tests.activity_worker.test_activity" file="tests/activity_worker/test_activity.py" line="94" name="test_task_failure_is_send_when_exception_occurs" time="0.01865100860595703"></testcase><testcase classname="tests.clients.test_auth_client" file="tests/clients/test_auth_client.py" line="9" name="test_create_empty_collection" time="0.010267257690429688"></testcase><testcase classname="tests.clients.test_collection_client" file="tests/clients/test_collection_client.py" line="6" name="test_create_empty_collection" time="0.0037910938262939453"></testcase><testcase classname="tests.clients.test_collection_client" file="tests/clients/test_collection_client.py" line="22" name="test_update_collection" time="0.0024902820587158203"></testcase><testcase classname="tests.clients.test_collection_client" file="tests/clients/test_collection_client.py" line="44" name="test_get_collection" time="0.002169370651245117"></testcase><testcase classname="tests.clients.test_collection_client" file="tests/clients/test_collection_client.py" line="65" name="test_list_collections" time="0.002269744873046875"></testcase><testcase classname="tests.clients.test_collection_client" file="tests/clients/test_collection_client.py" line="91" name="test_delete_collection" time="0.002507925033569336"></testcase><testcase classname="tests.clients.test_data_api" file="tests/clients/test_data_api.py" line="13" name="test_create_resources_request" time="0.0025174617767333984"></testcase><testcase classname="tests.clients.test_data_api" file="tests/clients/test_data_api.py" line="50" name="test_create_resources_response" time="0.009090900421142578"></testcase><testcase classname="tests.clients.test_data_api" file="tests/clients/test_data_api.py" line="120" name="test_update_resources_request" time="0.003328084945678711"></testcase><testcase classname="tests.clients.test_data_api" file="tests/clients/test_data_api.py" line="163" name="test_update_resources_response" time="0.0031032562255859375"></testcase><testcase classname="tests.clients.test_data_api" file="tests/clients/test_data_api.py" line="209" name="test_get_resources_request" time="0.00222015380859375"></testcase><testcase classname="tests.clients.test_data_api" file="tests/clients/test_data_api.py" line="237" name="test_get_resources_response" time="0.003515481948852539"></testcase><testcase classname="tests.clients.test_delivery_client" file="tests/clients/test_delivery_client.py" line="7" name="test_get_resources_one_resource_not_found" time="0.003245115280151367"></testcase><testcase classname="tests.clients.test_delivery_client" file="tests/clients/test_delivery_client.py" line="32" name="test_get_resources_unprocess_response" time="0.0033333301544189453"></testcase><testcase classname="tests.clients.test_rest_client" file="tests/clients/test_rest_client.py" line="16" name="test_post_successful" time="0.0025451183319091797"></testcase><testcase classname="tests.clients.test_rest_client" file="tests/clients/test_rest_client.py" line="39" name="test_post_400" time="0.002791881561279297"></testcase><testcase classname="tests.clients.test_rest_client" file="tests/clients/test_rest_client.py" line="55" name="test_post_500" time="0.002707242965698242"></testcase><testcase classname="tests.clients.test_rest_client" file="tests/clients/test_rest_client.py" line="71" name="test_post_raises_unrecognized_exception" time="0.002491474151611328"></testcase><testcase classname="tests.clients.test_search_client" file="tests/clients/test_search_client.py" line="8" name="test_index_search[search_results0]" time="0.002733469009399414"></testcase><testcase classname="tests.clients.test_search_client" file="tests/clients/test_search_client.py" line="8" name="test_index_search[search_results1]" time="0.002949237823486328"></testcase><testcase classname="tests.clients.test_search_client" file="tests/clients/test_search_client.py" line="8" name="test_index_search[search_results2]" time="0.0029821395874023438"></testcase><testcase classname="tests.clients.test_search_client" file="tests/clients/test_search_client.py" line="8" name="test_index_search[search_results3]" time="0.0026404857635498047"></testcase><testcase classname="tests.clients.test_search_client" file="tests/clients/test_search_client.py" line="66" name="test_index_search_fields_are_optional" time="0.002310037612915039"></testcase><testcase classname="tests.clients.test_search_client" file="tests/clients/test_search_client.py" line="90" name="test_iter_index_search_multiple_call" time="0.004069328308105469"></testcase><testcase classname="tests.clients.test_search_client" file="tests/clients/test_search_client.py" line="130" name="test_search_result_from_json" time="0.0005278587341308594"></testcase><testcase classname="tests.model.test_manifest" file="tests/model/test_manifest.py" line="3" name="test_simple_manifest" time="0.004680156707763672"></testcase><testcase classname="tests.model.test_resource" file="tests/model/test_resource.py" line="32" name="test_resource_to_dict" time="0.0007150173187255859"></testcase><testcase classname="tests.model.test_resource" file="tests/model/test_resource.py" line="56" name="test_resource_from_dict" time="0.002457141876220703"></testcase><testcase classname="tests.services.test_data_api_service" file="tests/services/test_data_api_service.py" line="13" name="test_get_all_resources_success_without_unprocessed" time="0.0037882328033447266"></testcase><testcase classname="tests.services.test_data_api_service" file="tests/services/test_data_api_service.py" line="87" name="test_get_all_resources_success_with_unprocessed" time="0.008004903793334961"></testcase><testcase classname="tests.services.test_data_api_service" file="tests/services/test_data_api_service.py" line="217" name="test_exception_is_raised_instead_of_infinite_loop" time="0.1780714988708496"></testcase><testcase classname="tests.services.test_data_api_service" file="tests/services/test_data_api_service.py" line="238" name="test_iter_resources_tree" time="0.0050313472747802734"></testcase><testcase classname="tests.services.test_data_api_service" file="tests/services/test_data_api_service.py" line="327" name="test_create_smds_from_manifest" time="0.005975246429443359"></testcase><testcase classname="tests.services.test_delivery_service" file="tests/services/test_delivery_service.py" line="31" name="test_get_resources_single_request[srns0]" time="0.0013077259063720703"></testcase><testcase classname="tests.services.test_delivery_service" file="tests/services/test_delivery_service.py" line="31" name="test_get_resources_single_request[srns1]" time="0.001878976821899414"></testcase><testcase classname="tests.services.test_delivery_service" file="tests/services/test_delivery_service.py" line="31" name="test_get_resources_single_request[srns2]" time="0.0023860931396484375"></testcase><testcase classname="tests.services.test_delivery_service" file="tests/services/test_delivery_service.py" line="31" name="test_get_resources_single_request[srns3]" time="0.05683183670043945"></testcase><testcase classname="tests.services.test_delivery_service" file="tests/services/test_delivery_service.py" line="50" name="test_get_resources_multiple_requests[srns0]" time="0.057221174240112305"></testcase><testcase classname="tests.services.test_delivery_service" file="tests/services/test_delivery_service.py" line="50" name="test_get_resources_multiple_requests[srns1]" time="0.19202589988708496"></testcase><testcase classname="tests.services.test_s3_service" file="tests/services/test_s3_service.py" line="33" name="test_load_json" time="16.860929012298584"></testcase><testcase classname="tests.services.test_s3_service" file="tests/services/test_s3_service.py" line="38" name="test_put_json" time="0.13539910316467285"></testcase><testcase classname="tests.services.test_s3_service" file="tests/services/test_s3_service.py" line="47" name="test_copy" time="0.11023616790771484"></testcase><testcase classname="tests.services.test_s3_service" file="tests/services/test_s3_service.py" line="56" name="test_no_op_copy" time="0.06118965148925781"></testcase><testcase classname="tests.services.test_s3_service" file="tests/services/test_s3_service.py" line="61" name="test_wait_passes_when_all_objects_already_exists" time="0.07681393623352051"></testcase><testcase classname="tests.services.test_s3_service" file="tests/services/test_s3_service.py" line="66" name="test_waiter_waits_when_none_object_exists" time="2.5756139755249023"></testcase><testcase classname="tests.services.test_s3_service" file="tests/services/test_s3_service.py" line="86" name="test_waiter_waits_when_some_objects_exist" time="2.5752766132354736"></testcase><testcase classname="tests.services.test_s3_service" file="tests/services/test_s3_service.py" line="108" name="test_get_presigned_url_return_presigned_url_post" time="0.03019404411315918"></testcase><testcase classname="tests.services.test_search_service" file="tests/services/test_search_service.py" line="13" name="test_search_osdu_files" time="0.0016314983367919922"></testcase><testcase classname="tests.services.test_workflow_service" file="tests/services/test_workflow_service.py" line="39" name="test_start_and_wait_smds_workflow" time="0.0010631084442138672"></testcase><testcase classname="tests.services.test_workflow_service" file="tests/services/test_workflow_service.py" line="52" name="test_start_and_wait_swps_workflow" time="0.001984119415283203"></testcase><testcase classname="tests.utils.test_convert" file="tests/utils/test_convert.py" line="3" name="test_manifest_as_dict_preserves_same_structure" time="0.005057811737060547"></testcase><testcase classname="tests.utils.test_logging" file="tests/utils/test_logging.py" line="23" name="test_lambda_logging" time="0.0012066364288330078"></testcase><testcase classname="tests.utils.test_logging" file="tests/utils/test_logging.py" line="30" name="test_timeit" time="0.0006413459777832031"></testcase><testcase classname="tests.utils.test_manifest_dao" file="tests/utils/test_manifest_dao.py" line="17" name="test_load_manifest" time="0.03083658218383789"></testcase><testcase classname="tests.utils.test_security_classification_converter" file="tests/utils/test_security_classification_converter.py" line="11" name="test_resource_security_classification_correct[valid_input0-expected_output0]" time="0.0007436275482177734"></testcase><testcase classname="tests.utils.test_security_classification_converter" file="tests/utils/test_security_classification_converter.py" line="11" name="test_resource_security_classification_correct[valid_input1-expected_output1]" time="0.0005738735198974609"></testcase><testcase classname="tests.utils.test_security_classification_converter" file="tests/utils/test_security_classification_converter.py" line="11" name="test_resource_security_classification_correct[valid_input2-expected_output2]" time="0.0006151199340820312"></testcase><testcase classname="tests.utils.test_security_classification_converter" file="tests/utils/test_security_classification_converter.py" line="11" name="test_resource_security_classification_correct[valid_input3-expected_output3]" time="0.000652313232421875"></testcase><testcase classname="tests.utils.test_security_classification_converter" file="tests/utils/test_security_classification_converter.py" line="11" name="test_resource_security_classification_correct[RESTRICTED-expected_output4]" time="0.0009970664978027344"></testcase><testcase classname="tests.utils.test_security_classification_converter" file="tests/utils/test_security_classification_converter.py" line="11" name="test_resource_security_classification_correct[CLASSIFIED-expected_output5]" time="0.0007927417755126953"></testcase><testcase classname="tests.utils.test_security_classification_converter" file="tests/utils/test_security_classification_converter.py" line="11" name="test_resource_security_classification_correct[CONFIDENTIAL-expected_output6]" time="0.0007276535034179688"></testcase><testcase classname="tests.utils.test_security_classification_converter" file="tests/utils/test_security_classification_converter.py" line="11" name="test_resource_security_classification_correct[MOST-CONFIDENTIAL-expected_output7]" time="0.0006213188171386719"></testcase><testcase classname="tests.utils.test_security_classification_converter" file="tests/utils/test_security_classification_converter.py" line="11" name="test_resource_security_classification_correct[srn:reference-data/ResourceSecurityClassification:RESTRICTED:-expected_output8]" time="0.0006957054138183594"></testcase><testcase classname="tests.utils.test_security_classification_converter" file="tests/utils/test_security_classification_converter.py" line="11" name="test_resource_security_classification_correct[srn:reference-data/ResourceSecurityClassification:CLASSIFIED:-expected_output9]" time="0.0006856918334960938"></testcase><testcase classname="tests.utils.test_security_classification_converter" file="tests/utils/test_security_classification_converter.py" line="11" name="test_resource_security_classification_correct[srn:reference-data/ResourceSecurityClassification:CONFIDENTIAL:-expected_output10]" time="0.0007050037384033203"></testcase><testcase classname="tests.utils.test_security_classification_converter" file="tests/utils/test_security_classification_converter.py" line="11" name="test_resource_security_classification_correct[srn:reference-data/ResourceSecurityClassification:MOST-CONFIDENTIAL:-expected_output11]" time="0.0006418228149414062"></testcase><testcase classname="tests.utils.test_security_classification_converter" file="tests/utils/test_security_classification_converter.py" line="30" name="test_resource_security_classification_bad[bad_input0]" time="0.0006911754608154297"></testcase><testcase classname="tests.utils.test_security_classification_converter" file="tests/utils/test_security_classification_converter.py" line="30" name="test_resource_security_classification_bad[bad_input1]" time="0.0011408329010009766"></testcase><testcase classname="tests.utils.test_security_classification_converter" file="tests/utils/test_security_classification_converter.py" line="30" name="test_resource_security_classification_bad[bad_input2]" time="0.0006079673767089844"></testcase><testcase classname="tests.utils.test_security_classification_converter" file="tests/utils/test_security_classification_converter.py" line="30" name="test_resource_security_classification_bad[bad_input3]" time="0.0005359649658203125"></testcase><testcase classname="tests.utils.test_security_classification_converter" file="tests/utils/test_security_classification_converter.py" line="30" name="test_resource_security_classification_bad[bad_input4]" time="0.0005979537963867188"></testcase><testcase classname="tests.utils.test_security_classification_converter" file="tests/utils/test_security_classification_converter.py" line="30" name="test_resource_security_classification_bad[UNKNOWN_TYPE]" time="0.0005497932434082031"></testcase><testcase classname="tests.utils.test_security_classification_converter" file="tests/utils/test_security_classification_converter.py" line="30" name="test_resource_security_classification_bad[srn:reference-data/ResourceSecurityClassification:RESTRICTED:1]" time="0.0005958080291748047"></testcase><testcase classname="tests.utils.test_security_classification_converter" file="tests/utils/test_security_classification_converter.py" line="30" name="test_resource_security_classification_bad[srn:reference-data/ResourceSecurityClassification:CLASSIFIED:1]" time="0.0005946159362792969"></testcase><testcase classname="tests.utils.test_security_classification_converter" file="tests/utils/test_security_classification_converter.py" line="30" name="test_resource_security_classification_bad[srn:reference-data/ResourceSecurityClassification:CONFIDENTIAL:1]" time="0.0006177425384521484"></testcase><testcase classname="tests.utils.test_security_classification_converter" file="tests/utils/test_security_classification_converter.py" line="30" name="test_resource_security_classification_bad[srn:reference-data/ResourceSecurityClassification:MOST-CONFIDENTIAL:1]" time="0.0006947517395019531"></testcase><testcase classname="tests.utils.test_security_classification_converter" file="tests/utils/test_security_classification_converter.py" line="30" name="test_resource_security_classification_bad[srn:reference-data/ResourceSecurityClassification:UNKNOWN_TYPE:1]" time="0.0006754398345947266"></testcase><testcase classname="tests.utils.test_security_classification_converter" file="tests/utils/test_security_classification_converter.py" line="30" name="test_resource_security_classification_bad[srn:wrong_type:MOST-CONFIDENTIAL:1]" time="0.001146078109741211"></testcase><testcase classname="tests.utils.test_srn" file="tests/utils/test_srn.py" line="5" name="test_valid_srn[srn:type:/master-data/well/6b0543f0-25ae-4294-b6dc-ae5bc3db2640:1-type-/master-data/well/6b0543f0-25ae-4294-b6dc-ae5bc3db2640-1]" time="0.0008101463317871094"></testcase><testcase classname="tests.utils.test_srn" file="tests/utils/test_srn.py" line="5" name="test_valid_srn[srn:type:/abc/def:-type-/abc/def-None0]" time="0.0007371902465820312"></testcase><testcase classname="tests.utils.test_srn" file="tests/utils/test_srn.py" line="5" name="test_valid_srn[srn:type:/abc/def:-type-/abc/def-None1]" time="0.0008342266082763672"></testcase><testcase classname="tests.utils.test_srn" file="tests/utils/test_srn.py" line="5" name="test_valid_srn[srn:type:/abc/def:1-type-/abc/def-1]" time="0.0007228851318359375"></testcase><testcase classname="tests.utils.test_srn" file="tests/utils/test_srn.py" line="23" name="test_no_version_colon" time="0.0004680156707763672"></testcase><testcase classname="tests.utils.test_srn" file="tests/utils/test_srn.py" line="28" name="test_no_type" time="0.0004181861877441406"></testcase><testcase classname="tests.utils.test_srn" file="tests/utils/test_srn.py" line="33" name="test_no_detail" time="0.0006093978881835938"></testcase><testcase classname="tests.utils.test_srn" file="tests/utils/test_srn.py" line="38" name="test_too_many_sections" time="0.0005438327789306641"></testcase><testcase classname="tests.utils.test_srn" file="tests/utils/test_srn.py" line="43" name="test_version_not_a_number" time="0.0008323192596435547"></testcase><testcase classname="tests.utils.test_srn" file="tests/utils/test_srn.py" line="48" name="test_eq_when_equal" time="0.0008978843688964844"></testcase><testcase classname="tests.utils.test_srn" file="tests/utils/test_srn.py" line="55" name="test_eq_when_not_equal" time="0.0004088878631591797"></testcase><testcase classname="tests.utils.test_srn" file="tests/utils/test_srn.py" line="62" name="test_without_version[value0-expected0]" time="0.0006978511810302734"></testcase><testcase classname="tests.utils.test_srn" file="tests/utils/test_srn.py" line="62" name="test_without_version[value1-expected1]" time="0.0006356239318847656"></testcase><testcase classname="tests.utils.test_srn" file="tests/utils/test_srn.py" line="70" name="test_with_version[value0-5-expected0]" time="0.0007474422454833984"></testcase><testcase classname="tests.utils.test_srn" file="tests/utils/test_srn.py" line="70" name="test_with_version[value1-5-expected1]" time="0.0008029937744140625"></testcase><testcase classname="tests.utils.test_throttle" file="tests/utils/test_throttle.py" line="13" name="test_throttle_exception" time="0.0010142326354980469"></testcase><testcase classname="tests.utils.test_throttle" file="tests/utils/test_throttle.py" line="32" name="test_throttled_boto_resource" time="2.187490940093994"></testcase></testsuite>